#
# A fatal error has been detected by the Java Runtime Environment:
#
#  SIGSEGV (0xb) at pc=0x00007f1c8f88e30e, pid=19985, tid=139761832109824
#
# JRE version: 6.0_26-b03
# Java VM: Java HotSpot(TM) 64-Bit Server VM (20.1-b02 mixed mode linux-amd64 compressed oops)
# Problematic frame:
# C  [libgdk-x11-2.0.so.0+0x7230e]  __float128+0xe
#
# If you would like to submit a bug report, please visit:
#   http://java.sun.com/webapps/bugreport/crash.jsp
# The crash happened outside the Java Virtual Machine in native code.
# See problematic frame for where to report the bug.
#

---------------  T H R E A D  ---------------

Current thread (0x00007f1cd0008000):  JavaThread "main" [_thread_in_native, id=19986, stack(0x00007f1cd64b2000,0x00007f1cd65b3000)]

siginfo:si_signo=SIGSEGV: si_errno=0, si_code=1 (SEGV_MAPERR), si_addr=0x0000000000000018

Registers:
RAX=0x0000000000000000, RBX=0x00007f1cd0169000, RCX=0x00007f1cd65b2700, RDX=0x0000000000000000
RSP=0x00007f1cd65b0e10, RBP=0x00007f1cd01690f0, RSI=0x0000000000000000, RDI=0x0000000000000000
R8 =0x00007f1cd0179a30, R9 =0x0000000000020000, R10=0x00007f1cd65b0bc0, R11=0x00007f1c8f88e300
R12=0x00007f1cd0169000, R13=0x0000000000000000, R14=0x0000000000000260, R15=0x0000000000000000
RIP=0x00007f1c8f88e30e, EFLAGS=0x0000000000010202, CSGSFS=0x0000000000000033, ERR=0x0000000000000004
  TRAPNO=0x000000000000000e

Top of Stack: (sp=0x00007f1cd65b0e10)
0x00007f1cd65b0e10:   0000000000020000 00007f1cd0169000
0x00007f1cd65b0e20:   00007f1cd01690f0 00007f1c871d137c
0x00007f1cd65b0e30:   00007f1cd0184b90 00007f1c0000fc02
0x00007f1cd65b0e40:   000001c7d0169000 0000000000000127
0x00007f1cd65b0e50:   0000000000000000 0000000000000000
0x00007f1cd65b0e60:   00007f1c00000001 0000003000000020
0x00007f1cd65b0e70:   00007f1cd01670f0 00007f1cd0168ec0
0x00007f1cd65b0e80:   00000000d01c24a0 00007f1ccc2dc2d0
0x00007f1cd65b0e90:   00007f1cd0169000 0000000000000000
0x00007f1cd65b0ea0:   00007f1cd65b1158 00007f1ccc2ddeca
0x00007f1cd65b0eb0:   00007f1cd01c1ef0 00007f1ccc2dc2d0
0x00007f1cd65b0ec0:   00007f1cd0169000 0000000000000000
0x00007f1cd65b0ed0:   00007f1cd65b1188 00007f1ccc2ddeca
0x00007f1cd65b0ee0:   0000000000000000 000000007d12684b
0x00007f1cd65b0ef0:   0000000000000000 0000000000000000
0x00007f1cd65b0f00:   00007f1c00000002 000000008fd42e33
0x00007f1cd65b0f10:   0000000040000002 0000000000000000
0x00007f1cd65b0f20:   0000000500000005 00007f1ccc2e2d65
0x00007f1cd65b0f30:   00007f1cd01c2510 00007f1c8fd42e33
0x00007f1cd65b0f40:   00007f1cd65b1158 00007f1c8fd8e5d1
0x00007f1cd65b0f50:   00007f1cd01c24a0 00007f1cd01c1f40
0x00007f1cd65b0f60:   00007f1cd65b1170 00007f1cd65b1188
0x00007f1cd65b0f70:   00007f1cd01c1ef0 00007f1cd65b1090
0x00007f1cd65b0f80:   0000000000000000 00007f1ccc2f6741
0x00007f1cd65b0f90:   0000000000000000 0000000000000004
0x00007f1cd65b0fa0:   0000000000000004 00000000d65b1118
0x00007f1cd65b0fb0:   00007f1c00000001 00007f1cd0169000
0x00007f1cd65b0fc0:   0000000000000000 0000000000000004
0x00007f1cd65b0fd0:   00007f1cd01a9ec0 3b1e0d85b6b25500
0x00007f1cd65b0fe0:   00007f1c8f8222d0 00007f1cd65b1234
0x00007f1cd65b0ff0:   00007f1cd65b1230 0000000000000000
0x00007f1cd65b1000:   00007f1cd0169000 00000000000001c7 

Instructions: (pc=0x00007f1c8f88e30e)
0x00007f1c8f88e2ee:   00 48 83 c4 38 e9 b8 8f ff ff 0f 1f 84 00 00 00
0x00007f1c8f88e2fe:   00 00 48 89 5c 24 f0 48 89 6c 24 f8 48 83 ec 18
0x00007f1c8f88e30e:   48 8b 5f 18 48 89 fd e8 26 9c ff ff 48 85 db 74
0x00007f1c8f88e31e:   22 48 8b 13 48 85 d2 74 05 48 39 02 74 0f 48 89 

Register to memory mapping:

RAX=0x0000000000000000 is an unknown value
RBX=0x00007f1cd0169000 is an unknown value
RCX=0x00007f1cd65b2700 is pointing into the stack for thread: 0x00007f1cd0008000
RDX=0x0000000000000000 is an unknown value
RSP=0x00007f1cd65b0e10 is pointing into the stack for thread: 0x00007f1cd0008000
RBP=0x00007f1cd01690f0 is an unknown value
RSI=0x0000000000000000 is an unknown value
RDI=0x0000000000000000 is an unknown value
R8 =0x00007f1cd0179a30 is an unknown value
R9 =0x0000000000020000 is an unknown value
R10=0x00007f1cd65b0bc0 is pointing into the stack for thread: 0x00007f1cd0008000
R11=0x00007f1c8f88e300: gdk_window_enable_synchronized_configure+0 in /usr/lib/x86_64-linux-gnu/libgdk-x11-2.0.so.0 at 0x00007f1c8f81c000
R12=0x00007f1cd0169000 is an unknown value
R13=0x0000000000000000 is an unknown value
R14=0x0000000000000260 is an unknown value
R15=0x0000000000000000 is an unknown value


Stack: [0x00007f1cd64b2000,0x00007f1cd65b3000],  sp=0x00007f1cd65b0e10,  free space=1019k
Native frames: (J=compiled Java code, j=interpreted, Vv=VM code, C=native code)
C  [libgdk-x11-2.0.so.0+0x7230e]  __float128+0xe

Java frames: (J=compiled Java code, j=interpreted, Vv=VM code)
j  org.eclipse.equinox.launcher.JNIBridge._show_splash(Ljava/lang/String;)V+0
j  org.eclipse.equinox.launcher.JNIBridge.showSplash(Ljava/lang/String;)Z+2
j  org.eclipse.equinox.launcher.Main.handleSplash([Ljava/net/URL;)V+157
j  org.eclipse.equinox.launcher.Main.basicRun([Ljava/lang/String;)V+116
j  org.eclipse.equinox.launcher.Main.run([Ljava/lang/String;)I+4
j  org.eclipse.equinox.launcher.Main.main([Ljava/lang/String;)V+10
v  ~StubRoutines::call_stub

---------------  P R O C E S S  ---------------

Java Threads: ( => current thread )
  0x00007f1cd00c1000 JavaThread "Low Memory Detector" daemon [_thread_blocked, id=20001, stack(0x00007f1ccc72e000,0x00007f1ccc82f000)]
  0x00007f1cd00bf000 JavaThread "C2 CompilerThread1" daemon [_thread_blocked, id=20000, stack(0x00007f1ccc82f000,0x00007f1ccc930000)]
  0x00007f1cd00bc000 JavaThread "C2 CompilerThread0" daemon [_thread_blocked, id=19999, stack(0x00007f1ccc930000,0x00007f1ccca31000)]
  0x00007f1cd00ba000 JavaThread "Signal Dispatcher" daemon [_thread_blocked, id=19998, stack(0x00007f1ccca31000,0x00007f1cccb32000)]
  0x00007f1cd009d000 JavaThread "Finalizer" daemon [_thread_blocked, id=19997, stack(0x00007f1cccdfe000,0x00007f1ccceff000)]
  0x00007f1cd009b000 JavaThread "Reference Handler" daemon [_thread_blocked, id=19996, stack(0x00007f1ccceff000,0x00007f1ccd000000)]
=>0x00007f1cd0008000 JavaThread "main" [_thread_in_native, id=19986, stack(0x00007f1cd64b2000,0x00007f1cd65b3000)]

Other Threads:
  0x00007f1cd0094800 VMThread [stack: 0x00007f1cd40f1000,0x00007f1cd41f2000] [id=19995]
  0x00007f1cd00d4000 WatcherThread [stack: 0x00007f1ccc62d000,0x00007f1ccc72e000] [id=20002]

VM state:not at safepoint (normal execution)

VM Mutex/Monitor currently owned by a thread: None

Heap
 PSYoungGen      total 11968K, used 2784K [0x00000000f8000000, 0x00000000f8d50000, 0x0000000100000000)
  eden space 10304K, 27% used [0x00000000f8000000,0x00000000f82b82d8,0x00000000f8a10000)
  from space 1664K, 0% used [0x00000000f8bb0000,0x00000000f8bb0000,0x00000000f8d50000)
  to   space 1664K, 0% used [0x00000000f8a10000,0x00000000f8a10000,0x00000000f8bb0000)
 PSOldGen        total 27328K, used 0K [0x00000000e8000000, 0x00000000e9ab0000, 0x00000000f8000000)
  object space 27328K, 0% used [0x00000000e8000000,0x00000000e8000000,0x00000000e9ab0000)
 PSPermGen       total 21248K, used 4892K [0x00000000d8000000, 0x00000000d94c0000, 0x00000000e8000000)
  object space 21248K, 23% used [0x00000000d8000000,0x00000000d84c73e8,0x00000000d94c0000)

Code Cache  [0x00007f1ccd000000, 0x00007f1ccd270000, 0x00007f1cd0000000)
 total_blobs=214 nmethods=15 adapters=154 free_code_cache=49904768 largest_free_block=11392

Dynamic libraries:
40000000-40009000 r-xp 00000000 fc:01 15087232                           /usr/lib/jvm/java-6-sun-1.6.0.26/jre/bin/java
40108000-4010a000 rwxp 00008000 fc:01 15087232                           /usr/lib/jvm/java-6-sun-1.6.0.26/jre/bin/java
405cf000-405f0000 rwxp 00000000 00:00 0                                  [heap]
d8000000-d94c0000 rwxp 00000000 00:00 0 
d94c0000-e8000000 rwxp 00000000 00:00 0 
e8000000-e9ab0000 rwxp 00000000 00:00 0 
e9ab0000-f8000000 rwxp 00000000 00:00 0 
f8000000-f8d50000 rwxp 00000000 00:00 0 
f8d50000-100000000 rwxp 00000000 00:00 0 
7f1c80000000-7f1c80022000 rwxp 00000000 00:00 0 
7f1c80022000-7f1c84000000 ---p 00000000 00:00 0 
7f1c85f2c000-7f1c85f2f000 r-xp 00000000 fc:01 2753088                    /usr/lib/x86_64-linux-gnu/gdk-pixbuf-2.0/2.10.0/loaders/libpixbufloader-bmp.so
7f1c85f2f000-7f1c8612f000 ---p 00003000 fc:01 2753088                    /usr/lib/x86_64-linux-gnu/gdk-pixbuf-2.0/2.10.0/loaders/libpixbufloader-bmp.so
7f1c8612f000-7f1c86130000 r-xp 00003000 fc:01 2753088                    /usr/lib/x86_64-linux-gnu/gdk-pixbuf-2.0/2.10.0/loaders/libpixbufloader-bmp.so
7f1c86130000-7f1c86131000 rwxp 00004000 fc:01 2753088                    /usr/lib/x86_64-linux-gnu/gdk-pixbuf-2.0/2.10.0/loaders/libpixbufloader-bmp.so
7f1c86131000-7f1c86132000 ---p 00000000 00:00 0 
7f1c86132000-7f1c86932000 rwxp 00000000 00:00 0 
7f1c86932000-7f1c86939000 r-xp 00000000 fc:01 12714091                   /usr/lib/x86_64-linux-gnu/gio/modules/libdconfsettings.so
7f1c86939000-7f1c86b38000 ---p 00007000 fc:01 12714091                   /usr/lib/x86_64-linux-gnu/gio/modules/libdconfsettings.so
7f1c86b38000-7f1c86b39000 r-xp 00006000 fc:01 12714091                   /usr/lib/x86_64-linux-gnu/gio/modules/libdconfsettings.so
7f1c86b39000-7f1c86b3a000 rwxp 00007000 fc:01 12714091                   /usr/lib/x86_64-linux-gnu/gio/modules/libdconfsettings.so
7f1c86b3a000-7f1c86b4a000 r-xp 00000000 fc:01 12075611                   /usr/lib/liboverlay-scrollbar-0.2.so.0.0.16
7f1c86b4a000-7f1c86d49000 ---p 00010000 fc:01 12075611                   /usr/lib/liboverlay-scrollbar-0.2.so.0.0.16
7f1c86d49000-7f1c86d4a000 r-xp 0000f000 fc:01 12075611                   /usr/lib/liboverlay-scrollbar-0.2.so.0.0.16
7f1c86d4a000-7f1c86d4b000 rwxp 00010000 fc:01 12075611                   /usr/lib/liboverlay-scrollbar-0.2.so.0.0.16
7f1c86d4b000-7f1c86d6a000 r-xp 00000000 fc:01 12327254                   /usr/lib/x86_64-linux-gnu/libatk-1.0.so.0.20409.1
7f1c86d6a000-7f1c86f6a000 ---p 0001f000 fc:01 12327254                   /usr/lib/x86_64-linux-gnu/libatk-1.0.so.0.20409.1
7f1c86f6a000-7f1c86f6c000 r-xp 0001f000 fc:01 12327254                   /usr/lib/x86_64-linux-gnu/libatk-1.0.so.0.20409.1
7f1c86f6c000-7f1c86f6d000 rwxp 00021000 fc:01 12327254                   /usr/lib/x86_64-linux-gnu/libatk-1.0.so.0.20409.1
7f1c86f6d000-7f1c8739a000 r-xp 00000000 fc:01 12330893                   /usr/lib/x86_64-linux-gnu/libgtk-x11-2.0.so.0.2400.10
7f1c8739a000-7f1c8759a000 ---p 0042d000 fc:01 12330893                   /usr/lib/x86_64-linux-gnu/libgtk-x11-2.0.so.0.2400.10
7f1c8759a000-7f1c875a1000 r-xp 0042d000 fc:01 12330893                   /usr/lib/x86_64-linux-gnu/libgtk-x11-2.0.so.0.2400.10
7f1c875a1000-7f1c875a5000 rwxp 00434000 fc:01 12330893                   /usr/lib/x86_64-linux-gnu/libgtk-x11-2.0.so.0.2400.10
7f1c875a5000-7f1c875a7000 rwxp 00000000 00:00 0 
7f1c875a7000-7f1c875ac000 r-xp 00000000 fc:01 12326838                   /usr/lib/x86_64-linux-gnu/libXdmcp.so.6.0.0
7f1c875ac000-7f1c877ab000 ---p 00005000 fc:01 12326838                   /usr/lib/x86_64-linux-gnu/libXdmcp.so.6.0.0
7f1c877ab000-7f1c877ac000 r-xp 00004000 fc:01 12326838                   /usr/lib/x86_64-linux-gnu/libXdmcp.so.6.0.0
7f1c877ac000-7f1c877ad000 rwxp 00005000 fc:01 12326838                   /usr/lib/x86_64-linux-gnu/libXdmcp.so.6.0.0
7f1c877ad000-7f1c877af000 r-xp 00000000 fc:01 12326806                   /usr/lib/x86_64-linux-gnu/libXau.so.6.0.0
7f1c877af000-7f1c879ae000 ---p 00002000 fc:01 12326806                   /usr/lib/x86_64-linux-gnu/libXau.so.6.0.0
7f1c879ae000-7f1c879af000 r-xp 00001000 fc:01 12326806                   /usr/lib/x86_64-linux-gnu/libXau.so.6.0.0
7f1c879af000-7f1c879b0000 rwxp 00002000 fc:01 12326806                   /usr/lib/x86_64-linux-gnu/libXau.so.6.0.0
7f1c879b0000-7f1c879cd000 r-xp 00000000 fc:01 12326875                   /usr/lib/x86_64-linux-gnu/libxcb.so.1.1.0
7f1c879cd000-7f1c87bcc000 ---p 0001d000 fc:01 12326875                   /usr/lib/x86_64-linux-gnu/libxcb.so.1.1.0
7f1c87bcc000-7f1c87bcd000 r-xp 0001c000 fc:01 12326875                   /usr/lib/x86_64-linux-gnu/libxcb.so.1.1.0
7f1c87bcd000-7f1c87bce000 rwxp 0001d000 fc:01 12326875                   /usr/lib/x86_64-linux-gnu/libxcb.so.1.1.0
7f1c87bce000-7f1c87bd6000 r-xp 00000000 fc:01 12325461                   /usr/lib/x86_64-linux-gnu/libxcb-render.so.0.0.0
7f1c87bd6000-7f1c87dd6000 ---p 00008000 fc:01 12325461                   /usr/lib/x86_64-linux-gnu/libxcb-render.so.0.0.0
7f1c87dd6000-7f1c87dd7000 r-xp 00008000 fc:01 12325461                   /usr/lib/x86_64-linux-gnu/libxcb-render.so.0.0.0
7f1c87dd7000-7f1c87dd8000 rwxp 00009000 fc:01 12325461                   /usr/lib/x86_64-linux-gnu/libxcb-render.so.0.0.0
7f1c87dd8000-7f1c87dfe000 r-xp 00000000 fc:01 16781171                   /lib/x86_64-linux-gnu/libpng12.so.0.46.0
7f1c87dfe000-7f1c87ffe000 ---p 00026000 fc:01 16781171                   /lib/x86_64-linux-gnu/libpng12.so.0.46.0
7f1c87ffe000-7f1c87fff000 r-xp 00026000 fc:01 16781171                   /lib/x86_64-linux-gnu/libpng12.so.0.46.0
7f1c87fff000-7f1c88000000 rwxp 00027000 fc:01 16781171                   /lib/x86_64-linux-gnu/libpng12.so.0.46.0
7f1c88000000-7f1c88021000 rwxp 00000000 00:00 0 
7f1c88021000-7f1c8c000000 ---p 00000000 00:00 0 
7f1c8c014000-7f1c8c016000 r-xp 00000000 fc:01 12322924                   /usr/lib/x86_64-linux-gnu/libxcb-shm.so.0.0.0
7f1c8c016000-7f1c8c215000 ---p 00002000 fc:01 12322924                   /usr/lib/x86_64-linux-gnu/libxcb-shm.so.0.0.0
7f1c8c215000-7f1c8c216000 r-xp 00001000 fc:01 12322924                   /usr/lib/x86_64-linux-gnu/libxcb-shm.so.0.0.0
7f1c8c216000-7f1c8c217000 rwxp 00002000 fc:01 12322924                   /usr/lib/x86_64-linux-gnu/libxcb-shm.so.0.0.0
7f1c8c217000-7f1c8c298000 r-xp 00000000 fc:01 12322949                   /usr/lib/x86_64-linux-gnu/libpixman-1.so.0.24.4
7f1c8c298000-7f1c8c497000 ---p 00081000 fc:01 12322949                   /usr/lib/x86_64-linux-gnu/libpixman-1.so.0.24.4
7f1c8c497000-7f1c8c49d000 r-xp 00080000 fc:01 12322949                   /usr/lib/x86_64-linux-gnu/libpixman-1.so.0.24.4
7f1c8c49d000-7f1c8c49e000 rwxp 00086000 fc:01 12322949                   /usr/lib/x86_64-linux-gnu/libpixman-1.so.0.24.4
7f1c8c49e000-7f1c8c4c5000 r-xp 00000000 fc:01 16777258                   /lib/x86_64-linux-gnu/libexpat.so.1.5.2
7f1c8c4c5000-7f1c8c6c5000 ---p 00027000 fc:01 16777258                   /lib/x86_64-linux-gnu/libexpat.so.1.5.2
7f1c8c6c5000-7f1c8c6c7000 r-xp 00027000 fc:01 16777258                   /lib/x86_64-linux-gnu/libexpat.so.1.5.2
7f1c8c6c7000-7f1c8c6c8000 rwxp 00029000 fc:01 16777258                   /lib/x86_64-linux-gnu/libexpat.so.1.5.2
7f1c8c6c8000-7f1c8c6e0000 r-xp 00000000 fc:01 16781504                   /lib/x86_64-linux-gnu/libresolv-2.15.so
7f1c8c6e0000-7f1c8c8e0000 ---p 00018000 fc:01 16781504                   /lib/x86_64-linux-gnu/libresolv-2.15.so
7f1c8c8e0000-7f1c8c8e1000 r-xp 00018000 fc:01 16781504                   /lib/x86_64-linux-gnu/libresolv-2.15.so
7f1c8c8e1000-7f1c8c8e2000 rwxp 00019000 fc:01 16781504                   /lib/x86_64-linux-gnu/libresolv-2.15.so
7f1c8c8e2000-7f1c8c8e4000 rwxp 00000000 00:00 0 
7f1c8c8e4000-7f1c8c901000 r-xp 00000000 fc:01 16777255                   /lib/x86_64-linux-gnu/libselinux.so.1
7f1c8c901000-7f1c8cb00000 ---p 0001d000 fc:01 16777255                   /lib/x86_64-linux-gnu/libselinux.so.1
7f1c8cb00000-7f1c8cb01000 r-xp 0001c000 fc:01 16777255                   /lib/x86_64-linux-gnu/libselinux.so.1
7f1c8cb01000-7f1c8cb02000 rwxp 0001d000 fc:01 16777255                   /lib/x86_64-linux-gnu/libselinux.so.1
7f1c8cb02000-7f1c8cb03000 rwxp 00000000 00:00 0 
7f1c8cb03000-7f1c8cb19000 r-xp 00000000 fc:01 16781337                   /lib/x86_64-linux-gnu/libz.so.1.2.3.4
7f1c8cb19000-7f1c8cd18000 ---p 00016000 fc:01 16781337                   /lib/x86_64-linux-gnu/libz.so.1.2.3.4
7f1c8cd18000-7f1c8cd19000 r-xp 00015000 fc:01 16781337                   /lib/x86_64-linux-gnu/libz.so.1.2.3.4
7f1c8cd19000-7f1c8cd1a000 rwxp 00016000 fc:01 16781337                   /lib/x86_64-linux-gnu/libz.so.1.2.3.4
7f1c8cd1a000-7f1c8cd1d000 r-xp 00000000 fc:01 12322057                   /usr/lib/x86_64-linux-gnu/libgmodule-2.0.so.0.3200.3
7f1c8cd1d000-7f1c8cf1c000 ---p 00003000 fc:01 12322057                   /usr/lib/x86_64-linux-gnu/libgmodule-2.0.so.0.3200.3
7f1c8cf1c000-7f1c8cf1d000 r-xp 00002000 fc:01 12322057                   /usr/lib/x86_64-linux-gnu/libgmodule-2.0.so.0.3200.3
7f1c8cf1d000-7f1c8cf1e000 rwxp 00003000 fc:01 12322057                   /usr/lib/x86_64-linux-gnu/libgmodule-2.0.so.0.3200.3
7f1c8cf1e000-7f1c8cfb4000 r-xp 00000000 fc:01 12321977                   /usr/lib/x86_64-linux-gnu/libfreetype.so.6.8.0
7f1c8cfb4000-7f1c8d1b3000 ---p 00096000 fc:01 12321977                   /usr/lib/x86_64-linux-gnu/libfreetype.so.6.8.0
7f1c8d1b3000-7f1c8d1b9000 r-xp 00095000 fc:01 12321977                   /usr/lib/x86_64-linux-gnu/libfreetype.so.6.8.0
7f1c8d1b9000-7f1c8d1ba000 rwxp 0009b000 fc:01 12321977                   /usr/lib/x86_64-linux-gnu/libfreetype.so.6.8.0
7f1c8d1ba000-7f1c8d1e3000 r-xp 00000000 fc:01 12321475                   /usr/lib/x86_64-linux-gnu/libpangoft2-1.0.so.0.3000.0
7f1c8d1e3000-7f1c8d3e2000 ---p 00029000 fc:01 12321475                   /usr/lib/x86_64-linux-gnu/libpangoft2-1.0.so.0.3000.0
7f1c8d3e2000-7f1c8d3e3000 r-xp 00028000 fc:01 12321475                   /usr/lib/x86_64-linux-gnu/libpangoft2-1.0.so.0.3000.0
7f1c8d3e3000-7f1c8d3e4000 rwxp 00029000 fc:01 12321475                   /usr/lib/x86_64-linux-gnu/libpangoft2-1.0.so.0.3000.0
7f1c8d3e4000-7f1c8d513000 r-xp 00000000 fc:01 12322030                   /usr/lib/x86_64-linux-gnu/libX11.so.6.3.0
7f1c8d513000-7f1c8d713000 ---p 0012f000 fc:01 12322030                   /usr/lib/x86_64-linux-gnu/libX11.so.6.3.0
7f1c8d713000-7f1c8d714000 r-xp 0012f000 fc:01 12322030                   /usr/lib/x86_64-linux-gnu/libX11.so.6.3.0
7f1c8d714000-7f1c8d718000 rwxp 00130000 fc:01 12322030                   /usr/lib/x86_64-linux-gnu/libX11.so.6.3.0
7f1c8d718000-7f1c8d7d1000 r-xp 00000000 fc:01 12326941                   /usr/lib/x86_64-linux-gnu/libcairo.so.2.11000.2
7f1c8d7d1000-7f1c8d9d0000 ---p 000b9000 fc:01 12326941                   /usr/lib/x86_64-linux-gnu/libcairo.so.2.11000.2
7f1c8d9d0000-7f1c8d9d2000 r-xp 000b8000 fc:01 12326941                   /usr/lib/x86_64-linux-gnu/libcairo.so.2.11000.2
7f1c8d9d2000-7f1c8d9d3000 rwxp 000ba000 fc:01 12326941                   /usr/lib/x86_64-linux-gnu/libcairo.so.2.11000.2
7f1c8d9d3000-7f1c8d9d6000 rwxp 00000000 00:00 0 
7f1c8d9d6000-7f1c8d9db000 r-xp 00000000 fc:01 12327245                   /usr/lib/x86_64-linux-gnu/libXfixes.so.3.1.0
7f1c8d9db000-7f1c8dbda000 ---p 00005000 fc:01 12327245                   /usr/lib/x86_64-linux-gnu/libXfixes.so.3.1.0
7f1c8dbda000-7f1c8dbdb000 r-xp 00004000 fc:01 12327245                   /usr/lib/x86_64-linux-gnu/libXfixes.so.3.1.0
7f1c8dbdb000-7f1c8dbdc000 rwxp 00005000 fc:01 12327245                   /usr/lib/x86_64-linux-gnu/libXfixes.so.3.1.0
7f1c8dbdc000-7f1c8dbde000 r-xp 00000000 fc:01 12327261                   /usr/lib/x86_64-linux-gnu/libXdamage.so.1.1.0
7f1c8dbde000-7f1c8dddd000 ---p 00002000 fc:01 12327261                   /usr/lib/x86_64-linux-gnu/libXdamage.so.1.1.0
7f1c8dddd000-7f1c8ddde000 r-xp 00001000 fc:01 12327261                   /usr/lib/x86_64-linux-gnu/libXdamage.so.1.1.0
7f1c8ddde000-7f1c8dddf000 rwxp 00002000 fc:01 12327261                   /usr/lib/x86_64-linux-gnu/libXdamage.so.1.1.0
7f1c8dddf000-7f1c8dde1000 r-xp 00000000 fc:01 12327236                   /usr/lib/x86_64-linux-gnu/libXcomposite.so.1.0.0
7f1c8dde1000-7f1c8dfe0000 ---p 00002000 fc:01 12327236                   /usr/lib/x86_64-linux-gnu/libXcomposite.so.1.0.0
7f1c8dfe0000-7f1c8dfe1000 r-xp 00001000 fc:01 12327236                   /usr/lib/x86_64-linux-gnu/libXcomposite.so.1.0.0
7f1c8dfe1000-7f1c8dfe2000 rwxp 00002000 fc:01 12327236                   /usr/lib/x86_64-linux-gnu/libXcomposite.so.1.0.0
7f1c8dfe2000-7f1c8dfeb000 r-xp 00000000 fc:01 12327232                   /usr/lib/x86_64-linux-gnu/libXcursor.so.1.0.2
7f1c8dfeb000-7f1c8e1ea000 ---p 00009000 fc:01 12327232                   /usr/lib/x86_64-linux-gnu/libXcursor.so.1.0.2
7f1c8e1ea000-7f1c8e1eb000 r-xp 00008000 fc:01 12327232                   /usr/lib/x86_64-linux-gnu/libXcursor.so.1.0.2
7f1c8e1eb000-7f1c8e1ec000 rwxp 00009000 fc:01 12327232                   /usr/lib/x86_64-linux-gnu/libXcursor.so.1.0.2
7f1c8e1ec000-7f1c8e1f4000 r-xp 00000000 fc:01 12327242                   /usr/lib/x86_64-linux-gnu/libXrandr.so.2.2.0
7f1c8e1f4000-7f1c8e3f3000 ---p 00008000 fc:01 12327242                   /usr/lib/x86_64-linux-gnu/libXrandr.so.2.2.0
7f1c8e3f3000-7f1c8e3f4000 r-xp 00007000 fc:01 12327242                   /usr/lib/x86_64-linux-gnu/libXrandr.so.2.2.0
7f1c8e3f4000-7f1c8e3f5000 rwxp 00008000 fc:01 12327242                   /usr/lib/x86_64-linux-gnu/libXrandr.so.2.2.0
7f1c8e3f5000-7f1c8e403000 r-xp 00000000 fc:01 12324085                   /usr/lib/x86_64-linux-gnu/libXi.so.6.1.0
7f1c8e403000-7f1c8e602000 ---p 0000e000 fc:01 12324085                   /usr/lib/x86_64-linux-gnu/libXi.so.6.1.0
7f1c8e602000-7f1c8e603000 r-xp 0000d000 fc:01 12324085                   /usr/lib/x86_64-linux-gnu/libXi.so.6.1.0
7f1c8e603000-7f1c8e604000 rwxp 0000e000 fc:01 12324085                   /usr/lib/x86_64-linux-gnu/libXi.so.6.1.0
7f1c8e604000-7f1c8e606000 r-xp 00000000 fc:01 12327255                   /usr/lib/x86_64-linux-gnu/libXinerama.so.1.0.0
7f1c8e606000-7f1c8e805000 ---p 00002000 fc:01 12327255                   /usr/lib/x86_64-linux-gnu/libXinerama.so.1.0.0
7f1c8e805000-7f1c8e806000 r-xp 00001000 fc:01 12327255                   /usr/lib/x86_64-linux-gnu/libXinerama.so.1.0.0
7f1c8e806000-7f1c8e807000 rwxp 00002000 fc:01 12327255                   /usr/lib/x86_64-linux-gnu/libXinerama.so.1.0.0
7f1c8e807000-7f1c8e810000 r-xp 00000000 fc:01 12325631                   /usr/lib/x86_64-linux-gnu/libXrender.so.1.3.0
7f1c8e810000-7f1c8ea0f000 ---p 00009000 fc:01 12325631                   /usr/lib/x86_64-linux-gnu/libXrender.so.1.3.0
7f1c8ea0f000-7f1c8ea10000 r-xp 00008000 fc:01 12325631                   /usr/lib/x86_64-linux-gnu/libXrender.so.1.3.0
7f1c8ea10000-7f1c8ea11000 rwxp 00009000 fc:01 12325631                   /usr/lib/x86_64-linux-gnu/libXrender.so.1.3.0
7f1c8ea11000-7f1c8ea21000 r-xp 00000000 fc:01 12328180                   /usr/lib/x86_64-linux-gnu/libXext.so.6.4.0
7f1c8ea21000-7f1c8ec20000 ---p 00010000 fc:01 12328180                   /usr/lib/x86_64-linux-gnu/libXext.so.6.4.0
7f1c8ec20000-7f1c8ec21000 r-xp 0000f000 fc:01 12328180                   /usr/lib/x86_64-linux-gnu/libXext.so.6.4.0
7f1c8ec21000-7f1c8ec22000 rwxp 00010000 fc:01 12328180                   /usr/lib/x86_64-linux-gnu/libXext.so.6.4.0
7f1c8ec22000-7f1c8ec56000 r-xp 00000000 fc:01 12326754                   /usr/lib/x86_64-linux-gnu/libfontconfig.so.1.4.4
7f1c8ec56000-7f1c8ee56000 ---p 00034000 fc:01 12326754                   /usr/lib/x86_64-linux-gnu/libfontconfig.so.1.4.4
7f1c8ee56000-7f1c8ee57000 r-xp 00034000 fc:01 12326754                   /usr/lib/x86_64-linux-gnu/libfontconfig.so.1.4.4
7f1c8ee57000-7f1c8ee58000 rwxp 00035000 fc:01 12326754                   /usr/lib/x86_64-linux-gnu/libfontconfig.so.1.4.4
7f1c8ee58000-7f1c8efa0000 r-xp 00000000 fc:01 12322061                   /usr/lib/x86_64-linux-gnu/libgio-2.0.so.0.3200.3
7f1c8efa0000-7f1c8f19f000 ---p 00148000 fc:01 12322061                   /usr/lib/x86_64-linux-gnu/libgio-2.0.so.0.3200.3
7f1c8f19f000-7f1c8f1a3000 r-xp 00147000 fc:01 12322061                   /usr/lib/x86_64-linux-gnu/libgio-2.0.so.0.3200.3
7f1c8f1a3000-7f1c8f1a5000 rwxp 0014b000 fc:01 12322061                   /usr/lib/x86_64-linux-gnu/libgio-2.0.so.0.3200.3
7f1c8f1a5000-7f1c8f1a7000 rwxp 00000000 00:00 0 
7f1c8f1a7000-7f1c8f1c5000 r-xp 00000000 fc:01 12322017                   /usr/lib/x86_64-linux-gnu/libgdk_pixbuf-2.0.so.0.2600.1
7f1c8f1c5000-7f1c8f3c5000 ---p 0001e000 fc:01 12322017                   /usr/lib/x86_64-linux-gnu/libgdk_pixbuf-2.0.so.0.2600.1
7f1c8f3c5000-7f1c8f3c6000 r-xp 0001e000 fc:01 12322017                   /usr/lib/x86_64-linux-gnu/libgdk_pixbuf-2.0.so.0.2600.1
7f1c8f3c6000-7f1c8f3c7000 rwxp 0001f000 fc:01 12322017                   /usr/lib/x86_64-linux-gnu/libgdk_pixbuf-2.0.so.0.2600.1
7f1c8f3c7000-7f1c8f40d000 r-xp 00000000 fc:01 12321483                   /usr/lib/x86_64-linux-gnu/libpango-1.0.so.0.3000.0
7f1c8f40d000-7f1c8f60d000 ---p 00046000 fc:01 12321483                   /usr/lib/x86_64-linux-gnu/libpango-1.0.so.0.3000.0
7f1c8f60d000-7f1c8f60f000 r-xp 00046000 fc:01 12321483                   /usr/lib/x86_64-linux-gnu/libpango-1.0.so.0.3000.0
7f1c8f60f000-7f1c8f610000 rwxp 00048000 fc:01 12321483                   /usr/lib/x86_64-linux-gnu/libpango-1.0.so.0.3000.0
7f1c8f610000-7f1c8f61b000 r-xp 00000000 fc:01 12321740                   /usr/lib/x86_64-linux-gnu/libpangocairo-1.0.so.0.3000.0
7f1c8f61b000-7f1c8f81a000 ---p 0000b000 fc:01 12321740                   /usr/lib/x86_64-linux-gnu/libpangocairo-1.0.so.0.3000.0
7f1c8f81a000-7f1c8f81b000 r-xp 0000a000 fc:01 12321740                   /usr/lib/x86_64-linux-gnu/libpangocairo-1.0.so.0.3000.0
7f1c8f81b000-7f1c8f81c000 rwxp 0000b000 fc:01 12321740                   /usr/lib/x86_64-linux-gnu/libpangocairo-1.0.so.0.3000.0
7f1c8f81c000-7f1c8f8c9000 r-xp 00000000 fc:01 12330901                   /usr/lib/x86_64-linux-gnu/libgdk-x11-2.0.so.0.2400.10
7f1c8f8c9000-7f1c8fac8000 ---p 000ad000 fc:01 12330901                   /usr/lib/x86_64-linux-gnu/libgdk-x11-2.0.so.0.2400.10
7f1c8fac8000-7f1c8facc000 r-xp 000ac000 fc:01 12330901                   /usr/lib/x86_64-linux-gnu/libgdk-x11-2.0.so.0.2400.10
7f1c8facc000-7f1c8face000 rwxp 000b0000 fc:01 12330901                   /usr/lib/x86_64-linux-gnu/libgdk-x11-2.0.so.0.2400.10
7f1c8face000-7f1c8fb0a000 r-xp 00000000 fc:01 16777260                   /lib/x86_64-linux-gnu/libpcre.so.3.12.1
7f1c8fb0a000-7f1c8fd09000 ---p 0003c000 fc:01 16777260                   /lib/x86_64-linux-gnu/libpcre.so.3.12.1
7f1c8fd09000-7f1c8fd0a000 r-xp 0003b000 fc:01 16777260                   /lib/x86_64-linux-gnu/libpcre.so.3.12.1
7f1c8fd0a000-7f1c8fd0b000 rwxp 0003c000 fc:01 16777260                   /lib/x86_64-linux-gnu/libpcre.so.3.12.1
7f1c8fd0b000-7f1c8fdfd000 r-xp 00000000 fc:01 16780928                   /lib/x86_64-linux-gnu/libglib-2.0.so.0.3200.3
7f1c8fdfd000-7f1c8fffd000 ---p 000f2000 fc:01 16780928                   /lib/x86_64-linux-gnu/libglib-2.0.so.0.3200.3
7f1c8fffd000-7f1c8fffe000 r-xp 000f2000 fc:01 16780928                   /lib/x86_64-linux-gnu/libglib-2.0.so.0.3200.3
7f1c8fffe000-7f1c8ffff000 rwxp 000f3000 fc:01 16780928                   /lib/x86_64-linux-gnu/libglib-2.0.so.0.3200.3
7f1c8ffff000-7f1c90000000 rwxp 00000000 00:00 0 
7f1c90000000-7f1c9030c000 rwxp 00000000 00:00 0 
7f1c9030c000-7f1c94000000 ---p 00000000 00:00 0 
7f1c94000000-7f1c94021000 rwxp 00000000 00:00 0 
7f1c94021000-7f1c98000000 ---p 00000000 00:00 0 
7f1c98000000-7f1c98021000 rwxp 00000000 00:00 0 
7f1c98021000-7f1c9c000000 ---p 00000000 00:00 0 
7f1c9c000000-7f1c9c0a7000 rwxp 00000000 00:00 0 
7f1c9c0a7000-7f1ca0000000 ---p 00000000 00:00 0 
7f1ca0000000-7f1ca0021000 rwxp 00000000 00:00 0 
7f1ca0021000-7f1ca4000000 ---p 00000000 00:00 0 
7f1ca4000000-7f1ca4021000 rwxp 00000000 00:00 0 
7f1ca4021000-7f1ca8000000 ---p 00000000 00:00 0 
7f1ca8000000-7f1ca8021000 rwxp 00000000 00:00 0 
7f1ca8021000-7f1cac000000 ---p 00000000 00:00 0 
7f1cac000000-7f1cac021000 rwxp 00000000 00:00 0 
7f1cac021000-7f1cb0000000 ---p 00000000 00:00 0 
7f1cb0000000-7f1cb0021000 rwxp 00000000 00:00 0 
7f1cb0021000-7f1cb4000000 ---p 00000000 00:00 0 
7f1cb4000000-7f1cb4021000 rwxp 00000000 00:00 0 
7f1cb4021000-7f1cb8000000 ---p 00000000 00:00 0 
7f1cb8000000-7f1cb8021000 rwxp 00000000 00:00 0 
7f1cb8021000-7f1cbc000000 ---p 00000000 00:00 0 
7f1cbc000000-7f1cbc021000 rwxp 00000000 00:00 0 
7f1cbc021000-7f1cc0000000 ---p 00000000 00:00 0 
7f1cc0000000-7f1cc0021000 rwxp 00000000 00:00 0 
7f1cc0021000-7f1cc4000000 ---p 00000000 00:00 0 
7f1cc4000000-7f1cc4021000 rwxp 00000000 00:00 0 
7f1cc4021000-7f1cc8000000 ---p 00000000 00:00 0 
7f1cc8000000-7f1cc8021000 rwxp 00000000 00:00 0 
7f1cc8021000-7f1ccc000000 ---p 00000000 00:00 0 
7f1ccc0c6000-7f1ccc0cd000 r-xp 00000000 fc:01 12323104                   /usr/lib/x86_64-linux-gnu/libffi.so.6.0.0
7f1ccc0cd000-7f1ccc2cc000 ---p 00007000 fc:01 12323104                   /usr/lib/x86_64-linux-gnu/libffi.so.6.0.0
7f1ccc2cc000-7f1ccc2cd000 r-xp 00006000 fc:01 12323104                   /usr/lib/x86_64-linux-gnu/libffi.so.6.0.0
7f1ccc2cd000-7f1ccc2ce000 rwxp 00007000 fc:01 12323104                   /usr/lib/x86_64-linux-gnu/libffi.so.6.0.0
7f1ccc2ce000-7f1ccc31b000 r-xp 00000000 fc:01 12322065                   /usr/lib/x86_64-linux-gnu/libgobject-2.0.so.0.3200.3
7f1ccc31b000-7f1ccc51b000 ---p 0004d000 fc:01 12322065                   /usr/lib/x86_64-linux-gnu/libgobject-2.0.so.0.3200.3
7f1ccc51b000-7f1ccc51c000 r-xp 0004d000 fc:01 12322065                   /usr/lib/x86_64-linux-gnu/libgobject-2.0.so.0.3200.3
7f1ccc51c000-7f1ccc51d000 rwxp 0004e000 fc:01 12322065                   /usr/lib/x86_64-linux-gnu/libgobject-2.0.so.0.3200.3
7f1ccc51d000-7f1ccc52c000 r-xp 00000000 fc:01 6821019                    /home/g4dpz/tools/indigo/eclipse/plugins/org.eclipse.equinox.launcher.gtk.linux.x86_64_1.1.100.v20110505/eclipse_1407.so
7f1ccc52c000-7f1ccc62b000 ---p 0000f000 fc:01 6821019                    /home/g4dpz/tools/indigo/eclipse/plugins/org.eclipse.equinox.launcher.gtk.linux.x86_64_1.1.100.v20110505/eclipse_1407.so
7f1ccc62b000-7f1ccc62d000 rwxp 0000e000 fc:01 6821019                    /home/g4dpz/tools/indigo/eclipse/plugins/org.eclipse.equinox.launcher.gtk.linux.x86_64_1.1.100.v20110505/eclipse_1407.so
7f1ccc62d000-7f1ccc62e000 ---p 00000000 00:00 0 
7f1ccc62e000-7f1ccc72e000 rwxp 00000000 00:00 0 
7f1ccc72e000-7f1ccc731000 ---p 00000000 00:00 0 
7f1ccc731000-7f1ccc82f000 rwxp 00000000 00:00 0 
7f1ccc82f000-7f1ccc832000 ---p 00000000 00:00 0 
7f1ccc832000-7f1ccc930000 rwxp 00000000 00:00 0 
7f1ccc930000-7f1ccc933000 ---p 00000000 00:00 0 
7f1ccc933000-7f1ccca31000 rwxp 00000000 00:00 0 
7f1ccca31000-7f1ccca34000 ---p 00000000 00:00 0 
7f1ccca34000-7f1cccb32000 rwxp 00000000 00:00 0 
7f1cccb32000-7f1cccdfe000 r-xp 00000000 fc:01 12059450                   /usr/lib/locale/locale-archive
7f1cccdfe000-7f1ccce01000 ---p 00000000 00:00 0 
7f1ccce01000-7f1ccceff000 rwxp 00000000 00:00 0 
7f1ccceff000-7f1cccf02000 ---p 00000000 00:00 0 
7f1cccf02000-7f1ccd270000 rwxp 00000000 00:00 0 
7f1ccd270000-7f1cd01d3000 rwxp 00000000 00:00 0 
7f1cd01d3000-7f1cd4000000 ---p 00000000 00:00 0 
7f1cd403b000-7f1cd409e000 rwxp 00000000 00:00 0 
7f1cd409e000-7f1cd40be000 r-xs 00000000 fc:01 12058906                   /usr/share/mime/mime.cache
7f1cd40bf000-7f1cd40c6000 r-xs 00000000 fc:01 12480535                   /usr/lib/x86_64-linux-gnu/gconv/gconv-modules.cache
7f1cd40c6000-7f1cd40f1000 r-xp 00000000 fc:01 13108190                   /usr/share/glib-2.0/schemas/gschemas.compiled
7f1cd40f1000-7f1cd40f2000 ---p 00000000 00:00 0 
7f1cd40f2000-7f1cd4afb000 rwxp 00000000 00:00 0 
7f1cd4afb000-7f1cd4c93000 r-xs 03029000 fc:01 15087431                   /usr/lib/jvm/java-6-sun-1.6.0.26/jre/lib/rt.jar
7f1cd4c93000-7f1cd4c94000 ---p 00000000 00:00 0 
7f1cd4c94000-7f1cd4d94000 rwxp 00000000 00:00 0 
7f1cd4d94000-7f1cd4d95000 ---p 00000000 00:00 0 
7f1cd4d95000-7f1cd4e95000 rwxp 00000000 00:00 0 
7f1cd4e95000-7f1cd4e96000 ---p 00000000 00:00 0 
7f1cd4e96000-7f1cd4f96000 rwxp 00000000 00:00 0 
7f1cd4f96000-7f1cd4f97000 ---p 00000000 00:00 0 
7f1cd4f97000-7f1cd5097000 rwxp 00000000 00:00 0 
7f1cd5097000-7f1cd5098000 ---p 00000000 00:00 0 
7f1cd5098000-7f1cd5198000 rwxp 00000000 00:00 0 
7f1cd5198000-7f1cd5199000 ---p 00000000 00:00 0 
7f1cd5199000-7f1cd5299000 rwxp 00000000 00:00 0 
7f1cd5299000-7f1cd529a000 ---p 00000000 00:00 0 
7f1cd529a000-7f1cd539a000 rwxp 00000000 00:00 0 
7f1cd539a000-7f1cd539b000 ---p 00000000 00:00 0 
7f1cd539b000-7f1cd54a6000 rwxp 00000000 00:00 0 
7f1cd54a6000-7f1cd551b000 rwxp 00000000 00:00 0 
7f1cd551b000-7f1cd5526000 rwxp 00000000 00:00 0 
7f1cd5526000-7f1cd559b000 rwxp 00000000 00:00 0 
7f1cd559b000-7f1cd55a9000 rwxp 00000000 00:00 0 
7f1cd55a9000-7f1cd561b000 rwxp 00000000 00:00 0 
7f1cd561b000-7f1cd5622000 rwxp 00000000 00:00 0 
7f1cd5622000-7f1cd565b000 rwxp 00000000 00:00 0 
7f1cd565b000-7f1cd5666000 rwxp 00000000 00:00 0 
7f1cd5666000-7f1cd571c000 rwxp 00000000 00:00 0 
7f1cd571c000-7f1cd572a000 r-xp 00000000 fc:01 15087377                   /usr/lib/jvm/java-6-sun-1.6.0.26/jre/lib/amd64/libzip.so
7f1cd572a000-7f1cd582c000 ---p 0000e000 fc:01 15087377                   /usr/lib/jvm/java-6-sun-1.6.0.26/jre/lib/amd64/libzip.so
7f1cd582c000-7f1cd582f000 rwxp 00010000 fc:01 15087377                   /usr/lib/jvm/java-6-sun-1.6.0.26/jre/lib/amd64/libzip.so
7f1cd582f000-7f1cd5830000 rwxp 00000000 00:00 0 
7f1cd5830000-7f1cd583c000 r-xp 00000000 fc:01 16781510                   /lib/x86_64-linux-gnu/libnss_files-2.15.so
7f1cd583c000-7f1cd5a3b000 ---p 0000c000 fc:01 16781510                   /lib/x86_64-linux-gnu/libnss_files-2.15.so
7f1cd5a3b000-7f1cd5a3c000 r-xp 0000b000 fc:01 16781510                   /lib/x86_64-linux-gnu/libnss_files-2.15.so
7f1cd5a3c000-7f1cd5a3d000 rwxp 0000c000 fc:01 16781510                   /lib/x86_64-linux-gnu/libnss_files-2.15.so
7f1cd5a3d000-7f1cd5a47000 r-xp 00000000 fc:01 16781511                   /lib/x86_64-linux-gnu/libnss_nis-2.15.so
7f1cd5a47000-7f1cd5c47000 ---p 0000a000 fc:01 16781511                   /lib/x86_64-linux-gnu/libnss_nis-2.15.so
7f1cd5c47000-7f1cd5c48000 r-xp 0000a000 fc:01 16781511                   /lib/x86_64-linux-gnu/libnss_nis-2.15.so
7f1cd5c48000-7f1cd5c49000 rwxp 0000b000 fc:01 16781511                   /lib/x86_64-linux-gnu/libnss_nis-2.15.so
7f1cd5c49000-7f1cd5c51000 r-xp 00000000 fc:01 16781514                   /lib/x86_64-linux-gnu/libnss_compat-2.15.so
7f1cd5c51000-7f1cd5e50000 ---p 00008000 fc:01 16781514                   /lib/x86_64-linux-gnu/libnss_compat-2.15.so
7f1cd5e50000-7f1cd5e51000 r-xp 00007000 fc:01 16781514                   /lib/x86_64-linux-gnu/libnss_compat-2.15.so
7f1cd5e51000-7f1cd5e52000 rwxp 00008000 fc:01 16781514                   /lib/x86_64-linux-gnu/libnss_compat-2.15.so
7f1cd5e52000-7f1cd5e69000 r-xp 00000000 fc:01 16781505                   /lib/x86_64-linux-gnu/libnsl-2.15.so
7f1cd5e69000-7f1cd6068000 ---p 00017000 fc:01 16781505                   /lib/x86_64-linux-gnu/libnsl-2.15.so
7f1cd6068000-7f1cd6069000 r-xp 00016000 fc:01 16781505                   /lib/x86_64-linux-gnu/libnsl-2.15.so
7f1cd6069000-7f1cd606a000 rwxp 00017000 fc:01 16781505                   /lib/x86_64-linux-gnu/libnsl-2.15.so
7f1cd606a000-7f1cd606c000 rwxp 00000000 00:00 0 
7f1cd606c000-7f1cd6095000 r-xp 00000000 fc:01 15087376                   /usr/lib/jvm/java-6-sun-1.6.0.26/jre/lib/amd64/libjava.so
7f1cd6095000-7f1cd6194000 ---p 00029000 fc:01 15087376                   /usr/lib/jvm/java-6-sun-1.6.0.26/jre/lib/amd64/libjava.so
7f1cd6194000-7f1cd619b000 rwxp 00028000 fc:01 15087376                   /usr/lib/jvm/java-6-sun-1.6.0.26/jre/lib/amd64/libjava.so
7f1cd619b000-7f1cd61a8000 r-xp 00000000 fc:01 15087354                   /usr/lib/jvm/java-6-sun-1.6.0.26/jre/lib/amd64/libverify.so
7f1cd61a8000-7f1cd62a7000 ---p 0000d000 fc:01 15087354                   /usr/lib/jvm/java-6-sun-1.6.0.26/jre/lib/amd64/libverify.so
7f1cd62a7000-7f1cd62aa000 rwxp 0000c000 fc:01 15087354                   /usr/lib/jvm/java-6-sun-1.6.0.26/jre/lib/amd64/libverify.so
7f1cd62aa000-7f1cd62b1000 r-xp 00000000 fc:01 16781507                   /lib/x86_64-linux-gnu/librt-2.15.so
7f1cd62b1000-7f1cd64b0000 ---p 00007000 fc:01 16781507                   /lib/x86_64-linux-gnu/librt-2.15.so
7f1cd64b0000-7f1cd64b1000 r-xp 00006000 fc:01 16781507                   /lib/x86_64-linux-gnu/librt-2.15.so
7f1cd64b1000-7f1cd64b2000 rwxp 00007000 fc:01 16781507                   /lib/x86_64-linux-gnu/librt-2.15.so
7f1cd64b2000-7f1cd64b5000 ---p 00000000 00:00 0 
7f1cd64b5000-7f1cd65b3000 rwxp 00000000 00:00 0 
7f1cd65b3000-7f1cd66ac000 r-xp 00000000 fc:01 16777595                   /lib/x86_64-linux-gnu/libm-2.15.so
7f1cd66ac000-7f1cd68ab000 ---p 000f9000 fc:01 16777595                   /lib/x86_64-linux-gnu/libm-2.15.so
7f1cd68ab000-7f1cd68ac000 r-xp 000f8000 fc:01 16777595                   /lib/x86_64-linux-gnu/libm-2.15.so
7f1cd68ac000-7f1cd68ad000 rwxp 000f9000 fc:01 16777595                   /lib/x86_64-linux-gnu/libm-2.15.so
7f1cd68ad000-7f1cd71c7000 r-xp 00000000 fc:01 15087380                   /usr/lib/jvm/java-6-sun-1.6.0.26/jre/lib/amd64/server/libjvm.so
7f1cd71c7000-7f1cd72c9000 ---p 0091a000 fc:01 15087380                   /usr/lib/jvm/java-6-sun-1.6.0.26/jre/lib/amd64/server/libjvm.so
7f1cd72c9000-7f1cd747e000 rwxp 0091c000 fc:01 15087380                   /usr/lib/jvm/java-6-sun-1.6.0.26/jre/lib/amd64/server/libjvm.so
7f1cd747e000-7f1cd74b8000 rwxp 00000000 00:00 0 
7f1cd74b8000-7f1cd766b000 r-xp 00000000 fc:01 16778240                   /lib/x86_64-linux-gnu/libc-2.15.so
7f1cd766b000-7f1cd786a000 ---p 001b3000 fc:01 16778240                   /lib/x86_64-linux-gnu/libc-2.15.so
7f1cd786a000-7f1cd786e000 r-xp 001b2000 fc:01 16778240                   /lib/x86_64-linux-gnu/libc-2.15.so
7f1cd786e000-7f1cd7870000 rwxp 001b6000 fc:01 16778240                   /lib/x86_64-linux-gnu/libc-2.15.so
7f1cd7870000-7f1cd7875000 rwxp 00000000 00:00 0 
7f1cd7875000-7f1cd7877000 r-xp 00000000 fc:01 16781518                   /lib/x86_64-linux-gnu/libdl-2.15.so
7f1cd7877000-7f1cd7a77000 ---p 00002000 fc:01 16781518                   /lib/x86_64-linux-gnu/libdl-2.15.so
7f1cd7a77000-7f1cd7a78000 r-xp 00002000 fc:01 16781518                   /lib/x86_64-linux-gnu/libdl-2.15.so
7f1cd7a78000-7f1cd7a79000 rwxp 00003000 fc:01 16781518                   /lib/x86_64-linux-gnu/libdl-2.15.so
7f1cd7a79000-7f1cd7a91000 r-xp 00000000 fc:01 16781522                   /lib/x86_64-linux-gnu/libpthread-2.15.so
7f1cd7a91000-7f1cd7c90000 ---p 00018000 fc:01 16781522                   /lib/x86_64-linux-gnu/libpthread-2.15.so
7f1cd7c90000-7f1cd7c91000 r-xp 00017000 fc:01 16781522                   /lib/x86_64-linux-gnu/libpthread-2.15.so
7f1cd7c91000-7f1cd7c92000 rwxp 00018000 fc:01 16781522                   /lib/x86_64-linux-gnu/libpthread-2.15.so
7f1cd7c92000-7f1cd7c96000 rwxp 00000000 00:00 0 
7f1cd7c96000-7f1cd7cb8000 r-xp 00000000 fc:01 16781503                   /lib/x86_64-linux-gnu/ld-2.15.so
7f1cd7cba000-7f1cd7cbe000 r-xp 00000000 fc:01 12086794                   /usr/share/locale-langpack/en_GB/LC_MESSAGES/gtk20-properties.mo
7f1cd7cbe000-7f1cd7cc3000 r-xp 00000000 fc:01 6824805                    /home/g4dpz/.config/dconf/user
7f1cd7cc3000-7f1cd7d05000 rwxp 00000000 00:00 0 
7f1cd7d05000-7f1cd7d77000 rwxp 00000000 00:00 0 
7f1cd7d77000-7f1cd7d7a000 rwxp 00000000 00:00 0 
7f1cd7d7a000-7f1cd7d81000 r-xp 00000000 fc:01 15087351                   /usr/lib/jvm/java-6-sun-1.6.0.26/jre/lib/amd64/jli/libjli.so
7f1cd7d81000-7f1cd7e82000 ---p 00007000 fc:01 15087351                   /usr/lib/jvm/java-6-sun-1.6.0.26/jre/lib/amd64/jli/libjli.so
7f1cd7e82000-7f1cd7e84000 rwxp 00008000 fc:01 15087351                   /usr/lib/jvm/java-6-sun-1.6.0.26/jre/lib/amd64/jli/libjli.so
7f1cd7e84000-7f1cd7e85000 rwxp 00000000 00:00 0 
7f1cd7e85000-7f1cd7e86000 r-xp 00000000 fc:01 12086785                   /usr/share/locale-langpack/en_GB/LC_MESSAGES/gdk-pixbuf.mo
7f1cd7e86000-7f1cd7e87000 r-xs 00000000 fc:01 6820899                    /home/g4dpz/.cache/dconf/user
7f1cd7e87000-7f1cd7e8a000 r-xp 00000000 fc:01 12082662                   /usr/share/locale-langpack/en_GB/LC_MESSAGES/glib20.mo
7f1cd7e8a000-7f1cd7e8b000 r-xp 00000000 fc:01 12074427                   /usr/share/locale-langpack/en_GB/LC_MESSAGES/libc.mo
7f1cd7e8b000-7f1cd7e8d000 r-xp 00000000 fc:01 12086647                   /usr/share/locale-langpack/en_GB/LC_MESSAGES/gtk20.mo
7f1cd7e8d000-7f1cd7e8f000 r-xs 00006000 fc:01 6822363                    /home/g4dpz/tools/indigo/eclipse/plugins/javax.transaction_1.1.1.v201105210645.jar
7f1cd7e8f000-7f1cd7e9d000 r-xs 00192000 fc:01 15074665                   /usr/lib/jvm/java-6-sun-1.6.0.26/jre/lib/ext/j3dutils.jar
7f1cd7e9d000-7f1cd7e9f000 r-xs 0004e000 fc:01 15074657                   /usr/lib/jvm/java-6-sun-1.6.0.26/jre/lib/ext/vecmath.jar
7f1cd7e9f000-7f1cd7eab000 r-xs 002c7000 fc:01 15074663                   /usr/lib/jvm/java-6-sun-1.6.0.26/jre/lib/ext/j3dcore.jar
7f1cd7eab000-7f1cd7eac000 r-xs 0000b000 fc:01 6820960                    /home/g4dpz/tools/indigo/eclipse/plugins/org.eclipse.equinox.launcher_1.2.0.v20110502.jar
7f1cd7eac000-7f1cd7eb4000 rwxs 00000000 fc:01 13897839                   /tmp/hsperfdata_g4dpz/19985
7f1cd7eb4000-7f1cd7eb5000 rwxp 00000000 00:00 0 
7f1cd7eb5000-7f1cd7eb6000 r-xp 00000000 00:00 0 
7f1cd7eb6000-7f1cd7eb8000 rwxp 00000000 00:00 0 
7f1cd7eb8000-7f1cd7eb9000 r-xp 00022000 fc:01 16781503                   /lib/x86_64-linux-gnu/ld-2.15.so
7f1cd7eb9000-7f1cd7ebb000 rwxp 00023000 fc:01 16781503                   /lib/x86_64-linux-gnu/ld-2.15.so
7fff200d3000-7fff200f4000 rwxp 00000000 00:00 0                          [stack]
7fff201ff000-7fff20200000 r-xp 00000000 00:00 0                          [vdso]
ffffffffff600000-ffffffffff601000 r-xp 00000000 00:00 0                  [vsyscall]

VM Arguments:
jvm_args: -Dosgi.requiredJavaVersion=1.5 -XX:MaxPermSize=256m -Xms40m -Xmx384m 
java_command: /home/g4dpz/tools/indigo/eclipse//plugins/org.eclipse.equinox.launcher_1.2.0.v20110502.jar -os linux -ws gtk -arch x86_64 -showsplash -launcher /home/g4dpz/tools/indigo/eclipse/eclipse -name Eclipse --launcher.library /home/g4dpz/tools/indigo/eclipse//plugins/org.eclipse.equinox.launcher.gtk.linux.x86_64_1.1.100.v20110505/eclipse_1407.so -startup /home/g4dpz/tools/indigo/eclipse//plugins/org.eclipse.equinox.launcher_1.2.0.v20110502.jar --launcher.overrideVmargs -exitdata 48a800b -product org.eclipse.epp.package.java.product -vm /usr/lib/jvm/java-6-sun-1.6.0.26/bin/java -vmargs -Dosgi.requiredJavaVersion=1.5 -XX:MaxPermSize=256m -Xms40m -Xmx384m -jar /home/g4dpz/tools/indigo/eclipse//plugins/org.eclipse.equinox.launcher_1.2.0.v20110502.jar
Launcher Type: SUN_STANDARD

Environment Variables:
JAVA_HOME=/usr/lib/jvm/java-6-sun-1.6.0.26
PATH=/var/lib/gems/1.8/bin:/Users/traf/tools/jad158g:/home/g4dpz/tools/ant/bin:/home/traf/dev/bin:/usr/local/mysql/bin:/usr/lib/jvm/java-6-sun-1.6.0.26/bin:/home/g4dpz/bin:/home/g4dpz/dev/bin:/usr/local/bin:/usr/local/sbin:/usr/local/bin:/usr/bin:/bin:/usr/local/games:/usr/games:/home/g4dpz/tools/cloudbees-sdk-1.1
LD_LIBRARY_PATH=/usr/lib/jvm/java-6-sun-1.6.0.26/jre/lib/amd64/server:/usr/lib/jvm/java-6-sun-1.6.0.26/jre/lib/amd64:/usr/lib/jvm/java-6-sun-1.6.0.26/jre/../lib/amd64
SHELL=/bin/bash
DISPLAY=:0.0

Signal Handlers:
SIGSEGV: [libjvm.so+0x85f800], sa_mask[0]=0x7ffbfeff, sa_flags=0x10000004
SIGBUS: [libjvm.so+0x85f800], sa_mask[0]=0x7ffbfeff, sa_flags=0x10000004
SIGFPE: [libjvm.so+0x70e300], sa_mask[0]=0x7ffbfeff, sa_flags=0x10000004
SIGPIPE: SIG_IGN, sa_mask[0]=0x00001000, sa_flags=0x10000000
SIGXFSZ: [libjvm.so+0x70e300], sa_mask[0]=0x7ffbfeff, sa_flags=0x10000004
SIGILL: [libjvm.so+0x70e300], sa_mask[0]=0x7ffbfeff, sa_flags=0x10000004
SIGUSR1: SIG_DFL, sa_mask[0]=0x00000000, sa_flags=0x00000000
SIGUSR2: [libjvm.so+0x711110], sa_mask[0]=0x00000000, sa_flags=0x10000004
SIGHUP: [libjvm.so+0x710d10], sa_mask[0]=0x7ffbfeff, sa_flags=0x10000004
SIGINT: [libjvm.so+0x710d10], sa_mask[0]=0x7ffbfeff, sa_flags=0x10000004
SIGTERM: [libjvm.so+0x710d10], sa_mask[0]=0x7ffbfeff, sa_flags=0x10000004
SIGQUIT: [libjvm.so+0x710d10], sa_mask[0]=0x7ffbfeff, sa_flags=0x10000004


---------------  S Y S T E M  ---------------

OS:wheezy/sid

uname:Linux 3.2.0-27-generic #43-Ubuntu SMP Fri Jul 6 14:25:57 UTC 2012 x86_64
libc:glibc 2.15 NPTL 2.15 
rlimit: STACK 8192k, CORE 0k, NPROC 63159, NOFILE 4096, AS infinity
load average:0.27 0.77 1.92

/proc/meminfo:
MemTotal:        8109332 kB
MemFree:          790692 kB
Buffers:          105056 kB
Cached:          1746548 kB
SwapCached:          100 kB
Active:          4663052 kB
Inactive:        1972740 kB
Active(anon):    3822160 kB
Inactive(anon):   981952 kB
Active(file):     840892 kB
Inactive(file):   990788 kB
Unevictable:          36 kB
Mlocked:              36 kB
SwapTotal:      11685884 kB
SwapFree:       11684428 kB
Dirty:               116 kB
Writeback:             0 kB
AnonPages:       4785096 kB
Mapped:           469544 kB
Shmem:             19532 kB
Slab:             203480 kB
SReclaimable:     158924 kB
SUnreclaim:        44556 kB
KernelStack:        8720 kB
PageTables:        42412 kB
NFS_Unstable:          0 kB
Bounce:                0 kB
WritebackTmp:          0 kB
CommitLimit:    15740548 kB
Committed_AS:    7935616 kB
VmallocTotal:   34359738367 kB
VmallocUsed:      316780 kB
VmallocChunk:   34359415308 kB
HardwareCorrupted:     0 kB
AnonHugePages:         0 kB
HugePages_Total:       0
HugePages_Free:        0
HugePages_Rsvd:        0
HugePages_Surp:        0
Hugepagesize:       2048 kB
DirectMap4k:      116736 kB
DirectMap2M:     8206336 kB


CPU:total 8 (4 cores per cpu, 2 threads per core) family 6 model 30 stepping 5, cmov, cx8, fxsr, mmx, sse, sse2, sse3, ssse3, sse4.1, sse4.2, popcnt, ht

/proc/cpuinfo:
processor	: 0
vendor_id	: GenuineIntel
cpu family	: 6
model		: 30
model name	: Intel(R) Core(TM) i7 CPU       Q 720  @ 1.60GHz
stepping	: 5
microcode	: 0x3
cpu MHz		: 933.000
cache size	: 6144 KB
physical id	: 0
siblings	: 8
core id		: 0
cpu cores	: 4
apicid		: 0
initial apicid	: 0
fpu		: yes
fpu_exception	: yes
cpuid level	: 11
wp		: yes
flags		: fpu vme de pse tsc msr pae mce cx8 apic sep mtrr pge mca cmov pat pse36 clflush dts acpi mmx fxsr sse sse2 ss ht tm pbe syscall nx rdtscp lm constant_tsc arch_perfmon pebs bts rep_good nopl xtopology nonstop_tsc aperfmperf pni dtes64 monitor ds_cpl vmx smx est tm2 ssse3 cx16 xtpr pdcm sse4_1 sse4_2 popcnt lahf_lm ida dts tpr_shadow vnmi flexpriority ept vpid
bogomips	: 3192.08
clflush size	: 64
cache_alignment	: 64
address sizes	: 36 bits physical, 48 bits virtual
power management:

processor	: 1
vendor_id	: GenuineIntel
cpu family	: 6
model		: 30
model name	: Intel(R) Core(TM) i7 CPU       Q 720  @ 1.60GHz
stepping	: 5
microcode	: 0x3
cpu MHz		: 933.000
cache size	: 6144 KB
physical id	: 0
siblings	: 8
core id		: 1
cpu cores	: 4
apicid		: 2
initial apicid	: 2
fpu		: yes
fpu_exception	: yes
cpuid level	: 11
wp		: yes
flags		: fpu vme de pse tsc msr pae mce cx8 apic sep mtrr pge mca cmov pat pse36 clflush dts acpi mmx fxsr sse sse2 ss ht tm pbe syscall nx rdtscp lm constant_tsc arch_perfmon pebs bts rep_good nopl xtopology nonstop_tsc aperfmperf pni dtes64 monitor ds_cpl vmx smx est tm2 ssse3 cx16 xtpr pdcm sse4_1 sse4_2 popcnt lahf_lm ida dts tpr_shadow vnmi flexpriority ept vpid
bogomips	: 3191.84
clflush size	: 64
cache_alignment	: 64
address sizes	: 36 bits physical, 48 bits virtual
power management:

processor	: 2
vendor_id	: GenuineIntel
cpu family	: 6
model		: 30
model name	: Intel(R) Core(TM) i7 CPU       Q 720  @ 1.60GHz
stepping	: 5
microcode	: 0x3
cpu MHz		: 1600.000
cache size	: 6144 KB
physical id	: 0
siblings	: 8
core id		: 2
cpu cores	: 4
apicid		: 4
initial apicid	: 4
fpu		: yes
fpu_exception	: yes
cpuid level	: 11
wp		: yes
flags		: fpu vme de pse tsc msr pae mce cx8 apic sep mtrr pge mca cmov pat pse36 clflush dts acpi mmx fxsr sse sse2 ss ht tm pbe syscall nx rdtscp lm constant_tsc arch_perfmon pebs bts rep_good nopl xtopology nonstop_tsc aperfmperf pni dtes64 monitor ds_cpl vmx smx est tm2 ssse3 cx16 xtpr pdcm sse4_1 sse4_2 popcnt lahf_lm ida dts tpr_shadow vnmi flexpriority ept vpid
bogomips	: 3191.84
clflush size	: 64
cache_alignment	: 64
address sizes	: 36 bits physical, 48 bits virtual
power management:

processor	: 3
vendor_id	: GenuineIntel
cpu family	: 6
model		: 30
model name	: Intel(R) Core(TM) i7 CPU       Q 720  @ 1.60GHz
stepping	: 5
microcode	: 0x3
cpu MHz		: 933.000
cache size	: 6144 KB
physical id	: 0
siblings	: 8
core id		: 3
cpu cores	: 4
apicid		: 6
initial apicid	: 6
fpu		: yes
fpu_exception	: yes
cpuid level	: 11
wp		: yes
flags		: fpu vme de pse tsc msr pae mce cx8 apic sep mtrr pge mca cmov pat pse36 clflush dts acpi mmx fxsr sse sse2 ss ht tm pbe syscall nx rdtscp lm constant_tsc arch_perfmon pebs bts rep_good nopl xtopology nonstop_tsc aperfmperf pni dtes64 monitor ds_cpl vmx smx est tm2 ssse3 cx16 xtpr pdcm sse4_1 sse4_2 popcnt lahf_lm ida dts tpr_shadow vnmi flexpriority ept vpid
bogomips	: 3191.84
clflush size	: 64
cache_alignment	: 64
address sizes	: 36 bits physical, 48 bits virtual
power management:

processor	: 4
vendor_id	: GenuineIntel
cpu family	: 6
model		: 30
model name	: Intel(R) Core(TM) i7 CPU       Q 720  @ 1.60GHz
stepping	: 5
microcode	: 0x3
cpu MHz		: 933.000
cache size	: 6144 KB
physical id	: 0
siblings	: 8
core id		: 0
cpu cores	: 4
apicid		: 1
initial apicid	: 1
fpu		: yes
fpu_exception	: yes
cpuid level	: 11
wp		: yes
flags		: fpu vme de pse tsc msr pae mce cx8 apic sep mtrr pge mca cmov pat pse36 clflush dts acpi mmx fxsr sse sse2 ss ht tm pbe syscall nx rdtscp lm constant_tsc arch_perfmon pebs bts rep_good nopl xtopology nonstop_tsc aperfmperf pni dtes64 monitor ds_cpl vmx smx est tm2 ssse3 cx16 xtpr pdcm sse4_1 sse4_2 popcnt lahf_lm ida dts tpr_shadow vnmi flexpriority ept vpid
bogomips	: 3191.84
clflush size	: 64
cache_alignment	: 64
address sizes	: 36 bits physical, 48 bits virtual
power management:

processor	: 5
vendor_id	: GenuineIntel
cpu family	: 6
model		: 30
model name	: Intel(R) Core(TM) i7 CPU       Q 720  @ 1.60GHz
stepping	: 5
microcode	: 0x3
cpu MHz		: 933.000
cache size	: 6144 KB
physical id	: 0
siblings	: 8
core id		: 1
cpu cores	: 4
apicid		: 3
initial apicid	: 3
fpu		: yes
fpu_exception	: yes
cpuid level	: 11
wp		: yes
flags		: fpu vme de pse tsc msr pae mce cx8 apic sep mtrr pge mca cmov pat pse36 clflush dts acpi mmx fxsr sse sse2 ss ht tm pbe syscall nx rdtscp lm constant_tsc arch_perfmon pebs bts rep_good nopl xtopology nonstop_tsc aperfmperf pni dtes64 monitor ds_cpl vmx smx est tm2 ssse3 cx16 xtpr pdcm sse4_1 sse4_2 popcnt lahf_lm ida dts tpr_shadow vnmi flexpriority ept vpid
bogomips	: 3191.84
clflush size	: 64
cache_alignment	: 64
address sizes	: 36 bits physical, 48 bits virtual
power management:

processor	: 6
vendor_id	: GenuineIntel
cpu family	: 6
model		: 30
model name	: Intel(R) Core(TM) i7 CPU       Q 720  @ 1.60GHz
stepping	: 5
microcode	: 0x3
cpu MHz		: 933.000
cache size	: 6144 KB
physical id	: 0
siblings	: 8
core id		: 2
cpu cores	: 4
apicid		: 5
initial apicid	: 5
fpu		: yes
fpu_exception	: yes
cpuid level	: 11
wp		: yes
flags		: fpu vme de pse tsc msr pae mce cx8 apic sep mtrr pge mca cmov pat pse36 clflush dts acpi mmx fxsr sse sse2 ss ht tm pbe syscall nx rdtscp lm constant_tsc arch_perfmon pebs bts rep_good nopl xtopology nonstop_tsc aperfmperf pni dtes64 monitor ds_cpl vmx smx est tm2 ssse3 cx16 xtpr pdcm sse4_1 sse4_2 popcnt lahf_lm ida dts tpr_shadow vnmi flexpriority ept vpid
bogomips	: 3191.84
clflush size	: 64
cache_alignment	: 64
address sizes	: 36 bits physical, 48 bits virtual
power management:

processor	: 7
vendor_id	: GenuineIntel
cpu family	: 6
model		: 30
model name	: Intel(R) Core(TM) i7 CPU       Q 720  @ 1.60GHz
stepping	: 5
microcode	: 0x3
cpu MHz		: 933.000
cache size	: 6144 KB
physical id	: 0
siblings	: 8
core id		: 3
cpu cores	: 4
apicid		: 7
initial apicid	: 7
fpu		: yes
fpu_exception	: yes
cpuid level	: 11
wp		: yes
flags		: fpu vme de pse tsc msr pae mce cx8 apic sep mtrr pge mca cmov pat pse36 clflush dts acpi mmx fxsr sse sse2 ss ht tm pbe syscall nx rdtscp lm constant_tsc arch_perfmon pebs bts rep_good nopl xtopology nonstop_tsc aperfmperf pni dtes64 monitor ds_cpl vmx smx est tm2 ssse3 cx16 xtpr pdcm sse4_1 sse4_2 popcnt lahf_lm ida dts tpr_shadow vnmi flexpriority ept vpid
bogomips	: 3191.84
clflush size	: 64
cache_alignment	: 64
address sizes	: 36 bits physical, 48 bits virtual
power management:



Memory: 4k page, physical 8109332k(790692k free), swap 11685884k(11684428k free)

vm_info: Java HotSpot(TM) 64-Bit Server VM (20.1-b02) for linux-amd64 JRE (1.6.0_26-b03), built on May  4 2011 01:13:47 by "java_re" with gcc 3.2.2 (SuSE Linux)

time: Wed Aug  1 11:12:19 2012
elapsed time: 0 seconds

